/*C1*/SET SCHEMA SYSTEM_LOBS
INSERT INTO BLOCKS VALUES(0,2147483647,0)
COMMIT
/*C2*/SET SCHEMA PUBLIC
CREATE TABLE recorded_instance (instanceId varchar(256) primary key, directory varchar(4096))
INSERT INTO RECORDED_INSTANCE VALUES('uuid:371e99ef-6030-4aeb-8a08-2a177b4a63ef','instances\u005cuuid371e99ef-6030-4aeb-8a08-2a177b4a63ef')
COMMIT
INSERT INTO RECORDED_INSTANCE VALUES('uuid:416f60b0-0527-420f-93c3-ba73379c26dc','instances\u005cuuid416f60b0-0527-420f-93c3-ba73379c26dc')
COMMIT
INSERT INTO RECORDED_INSTANCE VALUES('uuid:ad60359a-7023-45d8-a4de-9ca72313e823','instances\u005cuuidad60359a-7023-45d8-a4de-9ca72313e823')
COMMIT
INSERT INTO RECORDED_INSTANCE VALUES('uuid:ebdf959d-7f39-4308-b6a4-1cdf20b6d52d','instances\u005cuuidebdf959d-7f39-4308-b6a4-1cdf20b6d52d')
COMMIT
INSERT INTO RECORDED_INSTANCE VALUES('uuid:ddbe67b9-6efd-4406-b9ce-3eca87814a07','instances\u005cuuidddbe67b9-6efd-4406-b9ce-3eca87814a07')
COMMIT
INSERT INTO RECORDED_INSTANCE VALUES('uuid:6c158fc6-8876-4957-a92d-f3f497d551bc','instances\u005cuuid6c158fc6-8876-4957-a92d-f3f497d551bc')
COMMIT
INSERT INTO RECORDED_INSTANCE VALUES('uuid:f2d42199-9a72-4baf-8f74-1ecd929a9cb0','instances\u005cuuidf2d42199-9a72-4baf-8f74-1ecd929a9cb0')
COMMIT
INSERT INTO RECORDED_INSTANCE VALUES('uuid:97092ef5-5e7e-4f2e-aefe-faca083d0e5d','instances\u005cuuid97092ef5-5e7e-4f2e-aefe-faca083d0e5d')
COMMIT
INSERT INTO RECORDED_INSTANCE VALUES('uuid:90a43677-f2d3-4f4a-954a-b4b477f631dd','instances\u005cuuid90a43677-f2d3-4f4a-954a-b4b477f631dd')
COMMIT
INSERT INTO RECORDED_INSTANCE VALUES('uuid:a691ee3d-430c-413a-8b6d-2a7f3fc1074c','instances\u005cuuida691ee3d-430c-413a-8b6d-2a7f3fc1074c')
COMMIT
INSERT INTO RECORDED_INSTANCE VALUES('uuid:805f7112-1560-49fa-87c1-6531a9a988a1','instances\u005cuuid805f7112-1560-49fa-87c1-6531a9a988a1')
COMMIT
INSERT INTO RECORDED_INSTANCE VALUES('uuid:e09b4778-af5b-4c91-97b4-57999207ae5d','instances\u005cuuide09b4778-af5b-4c91-97b4-57999207ae5d')
COMMIT
INSERT INTO RECORDED_INSTANCE VALUES('uuid:2a642fa4-21c3-49bf-ad8f-1be923cfd5e6','instances\u005cuuid2a642fa4-21c3-49bf-ad8f-1be923cfd5e6')
COMMIT
INSERT INTO RECORDED_INSTANCE VALUES('uuid:1759764e-b8c6-42fb-b9a8-5b1aff2ca606','instances\u005cuuid1759764e-b8c6-42fb-b9a8-5b1aff2ca606')
COMMIT
INSERT INTO RECORDED_INSTANCE VALUES('uuid:bfbffa43-5df1-481d-b916-aae252639ea6','instances\u005cuuidbfbffa43-5df1-481d-b916-aae252639ea6')
COMMIT
INSERT INTO RECORDED_INSTANCE VALUES('uuid:51f8f1f6-fb80-4077-9e95-5efbe327a94c','instances\u005cuuid51f8f1f6-fb80-4077-9e95-5efbe327a94c')
COMMIT
INSERT INTO RECORDED_INSTANCE VALUES('uuid:d34fe09f-4331-4c4f-96ee-88ee60756d6d','instances\u005cuuidd34fe09f-4331-4c4f-96ee-88ee60756d6d')
COMMIT
INSERT INTO RECORDED_INSTANCE VALUES('uuid:4647cda5-1850-44f6-bf43-ce4889f0249b','instances\u005cuuid4647cda5-1850-44f6-bf43-ce4889f0249b')
COMMIT
INSERT INTO RECORDED_INSTANCE VALUES('uuid:5e5b5834-5cc0-4832-83e4-447d5e96a250','instances\u005cuuid5e5b5834-5cc0-4832-83e4-447d5e96a250')
COMMIT
INSERT INTO RECORDED_INSTANCE VALUES('uuid:11f0b93b-0b6c-4716-b549-a2af20f55571','instances\u005cuuid11f0b93b-0b6c-4716-b549-a2af20f55571')
COMMIT
INSERT INTO RECORDED_INSTANCE VALUES('uuid:766efefb-426b-4a37-88fd-495ad99315a2','instances\u005cuuid766efefb-426b-4a37-88fd-495ad99315a2')
COMMIT
INSERT INTO RECORDED_INSTANCE VALUES('uuid:cdccdfd8-645b-4e17-8672-f8a04895f159','instances\u005cuuidcdccdfd8-645b-4e17-8672-f8a04895f159')
COMMIT
INSERT INTO RECORDED_INSTANCE VALUES('uuid:6f185986-fd95-40a1-8179-119e67e3056c','instances\u005cuuid6f185986-fd95-40a1-8179-119e67e3056c')
COMMIT
INSERT INTO RECORDED_INSTANCE VALUES('uuid:10c11777-4336-4c65-aa87-dc5d0bd4a3c8','instances\u005cuuid10c11777-4336-4c65-aa87-dc5d0bd4a3c8')
COMMIT
INSERT INTO RECORDED_INSTANCE VALUES('uuid:1f58f8b7-4f98-4d58-b26e-8f96cdeb9e54','instances\u005cuuid1f58f8b7-4f98-4d58-b26e-8f96cdeb9e54')
COMMIT
INSERT INTO RECORDED_INSTANCE VALUES('uuid:eb49b824-dd1e-41a2-ab35-af1e89ec5744','instances\u005cuuideb49b824-dd1e-41a2-ab35-af1e89ec5744')
COMMIT
INSERT INTO RECORDED_INSTANCE VALUES('uuid:eb7df0b3-8639-4fd2-a38f-89c2eb8c3a1c','instances\u005cuuideb7df0b3-8639-4fd2-a38f-89c2eb8c3a1c')
COMMIT
INSERT INTO RECORDED_INSTANCE VALUES('uuid:719fd8c7-e732-4f43-9c85-1a18738a8044','instances\u005cuuid719fd8c7-e732-4f43-9c85-1a18738a8044')
COMMIT
INSERT INTO RECORDED_INSTANCE VALUES('uuid:ff63a690-3a30-49b7-86d2-80d8a4ba7fdf','instances\u005cuuidff63a690-3a30-49b7-86d2-80d8a4ba7fdf')
COMMIT
INSERT INTO RECORDED_INSTANCE VALUES('uuid:20710edc-9378-4441-8016-8e5ad22cd624','instances\u005cuuid20710edc-9378-4441-8016-8e5ad22cd624')
COMMIT
INSERT INTO RECORDED_INSTANCE VALUES('uuid:f2372741-a90b-47f7-b908-b5c3de9d2650','instances\u005cuuidf2372741-a90b-47f7-b908-b5c3de9d2650')
COMMIT
INSERT INTO RECORDED_INSTANCE VALUES('uuid:94a2ac4d-271b-4c93-8680-4005b1e7b584','instances\u005cuuid94a2ac4d-271b-4c93-8680-4005b1e7b584')
COMMIT
INSERT INTO RECORDED_INSTANCE VALUES('uuid:6b0b9ade-c3ae-4ba3-ad41-ba7cc6474608','instances\u005cuuid6b0b9ade-c3ae-4ba3-ad41-ba7cc6474608')
COMMIT
INSERT INTO RECORDED_INSTANCE VALUES('uuid:d1378649-cb2e-45e8-ba14-d942024ce45f','instances\u005cuuidd1378649-cb2e-45e8-ba14-d942024ce45f')
COMMIT
INSERT INTO RECORDED_INSTANCE VALUES('uuid:dee77e33-3694-4656-9edd-81ad1612c307','instances\u005cuuiddee77e33-3694-4656-9edd-81ad1612c307')
COMMIT
INSERT INTO RECORDED_INSTANCE VALUES('uuid:bb21b38a-cdc3-4568-9dfb-8722e9bf4450','instances\u005cuuidbb21b38a-cdc3-4568-9dfb-8722e9bf4450')
COMMIT
INSERT INTO RECORDED_INSTANCE VALUES('uuid:80ae2d4e-2833-446b-8344-94997fb8394d','instances\u005cuuid80ae2d4e-2833-446b-8344-94997fb8394d')
COMMIT
INSERT INTO RECORDED_INSTANCE VALUES('uuid:60159939-3144-4303-a617-e8ff3c1cb68b','instances\u005cuuid60159939-3144-4303-a617-e8ff3c1cb68b')
COMMIT
INSERT INTO RECORDED_INSTANCE VALUES('uuid:fc768d5d-e1e2-485e-9c4f-8e4a7f12ca46','instances\u005cuuidfc768d5d-e1e2-485e-9c4f-8e4a7f12ca46')
COMMIT
INSERT INTO RECORDED_INSTANCE VALUES('uuid:9964e8a5-b27e-4227-838f-0bb5e8db5318','instances\u005cuuid9964e8a5-b27e-4227-838f-0bb5e8db5318')
COMMIT
INSERT INTO RECORDED_INSTANCE VALUES('uuid:39a9e465-c25b-4c73-aa5c-51410b35fd00','instances\u005cuuid39a9e465-c25b-4c73-aa5c-51410b35fd00')
COMMIT
INSERT INTO RECORDED_INSTANCE VALUES('uuid:938ff0d8-c012-4894-9954-6db780dfbac9','instances\u005cuuid938ff0d8-c012-4894-9954-6db780dfbac9')
COMMIT
INSERT INTO RECORDED_INSTANCE VALUES('uuid:be81dab0-8bfe-4d60-8cf3-f412ca0c4677','instances\u005cuuidbe81dab0-8bfe-4d60-8cf3-f412ca0c4677')
COMMIT
INSERT INTO RECORDED_INSTANCE VALUES('uuid:6d002f1d-e5e0-4089-b908-961d25442346','instances\u005cuuid6d002f1d-e5e0-4089-b908-961d25442346')
COMMIT
INSERT INTO RECORDED_INSTANCE VALUES('uuid:4e4510e5-c79e-4ff7-a988-ab2f6436b1a6','instances\u005cuuid4e4510e5-c79e-4ff7-a988-ab2f6436b1a6')
COMMIT
INSERT INTO RECORDED_INSTANCE VALUES('uuid:4bccb96f-88c8-4aea-81fc-5b2eac7aa488','instances\u005cuuid4bccb96f-88c8-4aea-81fc-5b2eac7aa488')
COMMIT
INSERT INTO RECORDED_INSTANCE VALUES('uuid:e0253699-3736-45f6-a533-38c429a704ab','instances\u005cuuide0253699-3736-45f6-a533-38c429a704ab')
COMMIT
INSERT INTO RECORDED_INSTANCE VALUES('uuid:ef8eb9bf-badd-45d7-82e6-de5480504fd1','instances\u005cuuidef8eb9bf-badd-45d7-82e6-de5480504fd1')
COMMIT
INSERT INTO RECORDED_INSTANCE VALUES('uuid:dd0eee0d-33e6-4e77-ba66-c0c05406d897','instances\u005cuuiddd0eee0d-33e6-4e77-ba66-c0c05406d897')
COMMIT
INSERT INTO RECORDED_INSTANCE VALUES('uuid:b8f226e6-506f-49ff-b7a7-3712482c6820','instances\u005cuuidb8f226e6-506f-49ff-b7a7-3712482c6820')
COMMIT
INSERT INTO RECORDED_INSTANCE VALUES('uuid:45dd59fa-0f93-48d2-8a81-418ec52bcb5e','instances\u005cuuid45dd59fa-0f93-48d2-8a81-418ec52bcb5e')
COMMIT
INSERT INTO RECORDED_INSTANCE VALUES('uuid:ab806b3d-5451-41da-af3d-6b7dc2419abc','instances\u005cuuidab806b3d-5451-41da-af3d-6b7dc2419abc')
COMMIT
INSERT INTO RECORDED_INSTANCE VALUES('uuid:b8d5a2fd-d02f-4c3f-88bc-300181888235','instances\u005cuuidb8d5a2fd-d02f-4c3f-88bc-300181888235')
COMMIT
INSERT INTO RECORDED_INSTANCE VALUES('uuid:13d24c92-8ecb-4f35-bbca-cf181155419c','instances\u005cuuid13d24c92-8ecb-4f35-bbca-cf181155419c')
COMMIT
INSERT INTO RECORDED_INSTANCE VALUES('uuid:a32161af-be8f-4e93-93d6-9a1aec053b61','instances\u005cuuida32161af-be8f-4e93-93d6-9a1aec053b61')
COMMIT
INSERT INTO RECORDED_INSTANCE VALUES('uuid:3c539a31-52f0-45df-b059-88564f8f20de','instances\u005cuuid3c539a31-52f0-45df-b059-88564f8f20de')
COMMIT
INSERT INTO RECORDED_INSTANCE VALUES('uuid:f860a1b6-357a-46b9-b27e-737bb85a6b0f','instances\u005cuuidf860a1b6-357a-46b9-b27e-737bb85a6b0f')
COMMIT
INSERT INTO RECORDED_INSTANCE VALUES('uuid:fdb585e3-9090-4973-a7a7-bbed465c0220','instances\u005cuuidfdb585e3-9090-4973-a7a7-bbed465c0220')
COMMIT
/*C3*/SET SCHEMA PUBLIC
INSERT INTO RECORDED_INSTANCE VALUES('uuid:8dec5ceb-8cb3-47a1-88b3-3279795ce96f','instances\u005cuuid8dec5ceb-8cb3-47a1-88b3-3279795ce96f')
COMMIT
INSERT INTO RECORDED_INSTANCE VALUES('uuid:48969d46-5da7-4c83-9fc3-a78913de22f8','instances\u005cuuid48969d46-5da7-4c83-9fc3-a78913de22f8')
COMMIT
INSERT INTO RECORDED_INSTANCE VALUES('uuid:135a22dc-8b97-4a88-bd38-23c1dd9c8fe3','instances\u005cuuid135a22dc-8b97-4a88-bd38-23c1dd9c8fe3')
COMMIT
INSERT INTO RECORDED_INSTANCE VALUES('uuid:e8521697-bf70-4ec1-8ff3-b13895e91ac8','instances\u005cuuide8521697-bf70-4ec1-8ff3-b13895e91ac8')
COMMIT
INSERT INTO RECORDED_INSTANCE VALUES('uuid:6b29548a-4d1f-4862-8d11-65304150b53f','instances\u005cuuid6b29548a-4d1f-4862-8d11-65304150b53f')
COMMIT
INSERT INTO RECORDED_INSTANCE VALUES('uuid:ae0ba766-9a3d-42dd-8294-9acf6cc78adf','instances\u005cuuidae0ba766-9a3d-42dd-8294-9acf6cc78adf')
COMMIT
INSERT INTO RECORDED_INSTANCE VALUES('uuid:1ab42856-c4a5-4a32-8790-072b8b6064bf','instances\u005cuuid1ab42856-c4a5-4a32-8790-072b8b6064bf')
COMMIT
INSERT INTO RECORDED_INSTANCE VALUES('uuid:380e29b8-487e-4e52-90c7-c3f6182803ed','instances\u005cuuid380e29b8-487e-4e52-90c7-c3f6182803ed')
COMMIT
INSERT INTO RECORDED_INSTANCE VALUES('uuid:13362e7f-9bfa-4cfc-8464-d618e7c7614e','instances\u005cuuid13362e7f-9bfa-4cfc-8464-d618e7c7614e')
COMMIT
INSERT INTO RECORDED_INSTANCE VALUES('uuid:ba70281f-5bb7-4e78-abfe-ea8a9de5b06c','instances\u005cuuidba70281f-5bb7-4e78-abfe-ea8a9de5b06c')
COMMIT
INSERT INTO RECORDED_INSTANCE VALUES('uuid:fde8d2d9-aa16-423a-9998-744071c82e8b','instances\u005cuuidfde8d2d9-aa16-423a-9998-744071c82e8b')
COMMIT
INSERT INTO RECORDED_INSTANCE VALUES('uuid:1ab500ff-d96d-4d4b-977d-669a3ef9b858','instances\u005cuuid1ab500ff-d96d-4d4b-977d-669a3ef9b858')
COMMIT
INSERT INTO RECORDED_INSTANCE VALUES('uuid:5f7623ae-37c2-482b-8dd5-a68e10628c30','instances\u005cuuid5f7623ae-37c2-482b-8dd5-a68e10628c30')
COMMIT
INSERT INTO RECORDED_INSTANCE VALUES('uuid:30107c02-4987-42b8-b52a-613c4485440d','instances\u005cuuid30107c02-4987-42b8-b52a-613c4485440d')
COMMIT
INSERT INTO RECORDED_INSTANCE VALUES('uuid:ab189da3-247d-4b0e-9097-fb14b68590f4','instances\u005cuuidab189da3-247d-4b0e-9097-fb14b68590f4')
COMMIT
INSERT INTO RECORDED_INSTANCE VALUES('uuid:60426d4c-6843-438b-a4e8-969f47beaa07','instances\u005cuuid60426d4c-6843-438b-a4e8-969f47beaa07')
COMMIT
INSERT INTO RECORDED_INSTANCE VALUES('uuid:dd751e3f-9469-4516-aa46-ba23d849318e','instances\u005cuuiddd751e3f-9469-4516-aa46-ba23d849318e')
COMMIT
INSERT INTO RECORDED_INSTANCE VALUES('uuid:0b30efea-a70d-4cc9-b8bf-2f1eff9515c3','instances\u005cuuid0b30efea-a70d-4cc9-b8bf-2f1eff9515c3')
COMMIT
INSERT INTO RECORDED_INSTANCE VALUES('uuid:c250cff0-0445-4616-8439-f0a96f15191b','instances\u005cuuidc250cff0-0445-4616-8439-f0a96f15191b')
COMMIT
INSERT INTO RECORDED_INSTANCE VALUES('uuid:b938ba48-b946-4ce5-b80c-0e8ee4f6f8de','instances\u005cuuidb938ba48-b946-4ce5-b80c-0e8ee4f6f8de')
COMMIT
INSERT INTO RECORDED_INSTANCE VALUES('uuid:34171ecb-06ac-4c72-97e3-ee4a0715d026','instances\u005cuuid34171ecb-06ac-4c72-97e3-ee4a0715d026')
COMMIT
INSERT INTO RECORDED_INSTANCE VALUES('uuid:28c9abbb-a512-48e6-9906-85fac641829a','instances\u005cuuid28c9abbb-a512-48e6-9906-85fac641829a')
COMMIT
INSERT INTO RECORDED_INSTANCE VALUES('uuid:e2ea6198-6b09-4abb-8a21-4bf9bc394b1d','instances\u005cuuide2ea6198-6b09-4abb-8a21-4bf9bc394b1d')
COMMIT
INSERT INTO RECORDED_INSTANCE VALUES('uuid:c230a774-c971-4b80-b93c-7b41083fea4a','instances\u005cuuidc230a774-c971-4b80-b93c-7b41083fea4a')
COMMIT
INSERT INTO RECORDED_INSTANCE VALUES('uuid:2fc44a96-62e6-4360-8e96-3a3102390e5f','instances\u005cuuid2fc44a96-62e6-4360-8e96-3a3102390e5f')
COMMIT
INSERT INTO RECORDED_INSTANCE VALUES('uuid:52beb5d6-b282-42dc-8c2a-6efc653751b8','instances\u005cuuid52beb5d6-b282-42dc-8c2a-6efc653751b8')
COMMIT
INSERT INTO RECORDED_INSTANCE VALUES('uuid:b742bd45-f241-41ba-81b8-f7d3a5f15328','instances\u005cuuidb742bd45-f241-41ba-81b8-f7d3a5f15328')
COMMIT
INSERT INTO RECORDED_INSTANCE VALUES('uuid:f64b29f5-8d09-4651-a414-f7d90c86cd92','instances\u005cuuidf64b29f5-8d09-4651-a414-f7d90c86cd92')
COMMIT
INSERT INTO RECORDED_INSTANCE VALUES('uuid:dffc2a75-fc7b-4817-85a3-66aa3faaeefa','instances\u005cuuiddffc2a75-fc7b-4817-85a3-66aa3faaeefa')
COMMIT
INSERT INTO RECORDED_INSTANCE VALUES('uuid:8e71eda7-186b-4ab2-a426-7d2d41e4eea2','instances\u005cuuid8e71eda7-186b-4ab2-a426-7d2d41e4eea2')
COMMIT
INSERT INTO RECORDED_INSTANCE VALUES('uuid:ac9e0469-2d54-48ee-af3d-c6e46786e8f0','instances\u005cuuidac9e0469-2d54-48ee-af3d-c6e46786e8f0')
COMMIT
INSERT INTO RECORDED_INSTANCE VALUES('uuid:5054102d-943e-42ab-97f7-0f067f165f12','instances\u005cuuid5054102d-943e-42ab-97f7-0f067f165f12')
COMMIT
INSERT INTO RECORDED_INSTANCE VALUES('uuid:e590ddd1-e961-48bd-91b9-3ea85a39224b','instances\u005cuuide590ddd1-e961-48bd-91b9-3ea85a39224b')
COMMIT
INSERT INTO RECORDED_INSTANCE VALUES('uuid:2c6adba0-c16c-4869-bf0b-9fe4bf0300f1','instances\u005cuuid2c6adba0-c16c-4869-bf0b-9fe4bf0300f1')
COMMIT
INSERT INTO RECORDED_INSTANCE VALUES('uuid:0c975144-d109-4dd6-8528-ec2b1afa0522','instances\u005cuuid0c975144-d109-4dd6-8528-ec2b1afa0522')
COMMIT
INSERT INTO RECORDED_INSTANCE VALUES('uuid:54c2b6f5-db87-4a29-b406-6ffb31618c44','instances\u005cuuid54c2b6f5-db87-4a29-b406-6ffb31618c44')
COMMIT
INSERT INTO RECORDED_INSTANCE VALUES('uuid:8083bd58-63cb-44fa-867b-953c6c691c93','instances\u005cuuid8083bd58-63cb-44fa-867b-953c6c691c93')
COMMIT
INSERT INTO RECORDED_INSTANCE VALUES('uuid:d90c0bb2-15d5-44c1-8dd4-4ad8ec549eda','instances\u005cuuidd90c0bb2-15d5-44c1-8dd4-4ad8ec549eda')
COMMIT
INSERT INTO RECORDED_INSTANCE VALUES('uuid:38765fc8-a4dd-4309-b8cf-0e77bac4d93d','instances\u005cuuid38765fc8-a4dd-4309-b8cf-0e77bac4d93d')
COMMIT
INSERT INTO RECORDED_INSTANCE VALUES('uuid:0d96372e-a93c-487a-a71e-bc4fe5c8b96e','instances\u005cuuid0d96372e-a93c-487a-a71e-bc4fe5c8b96e')
COMMIT
INSERT INTO RECORDED_INSTANCE VALUES('uuid:b58f45ea-3f27-4724-8f34-bf92b1b2a3b9','instances\u005cuuidb58f45ea-3f27-4724-8f34-bf92b1b2a3b9')
COMMIT
INSERT INTO RECORDED_INSTANCE VALUES('uuid:91547f7e-3c2f-4ecb-9dfa-e437a51d3893','instances\u005cuuid91547f7e-3c2f-4ecb-9dfa-e437a51d3893')
COMMIT
INSERT INTO RECORDED_INSTANCE VALUES('uuid:8c8e3f4c-0933-44cc-ae13-f768560d5056','instances\u005cuuid8c8e3f4c-0933-44cc-ae13-f768560d5056')
COMMIT
INSERT INTO RECORDED_INSTANCE VALUES('uuid:32abfe9e-b640-42bc-b1ca-7e768f7e275f','instances\u005cuuid32abfe9e-b640-42bc-b1ca-7e768f7e275f')
COMMIT
DISCONNECT
/*C4*/SET SCHEMA PUBLIC
DISCONNECT
